modules/expo-installed-apps/android/build/intermediates/manifest_merge_blame_file/debug/processDebugManifest/manifest-merger-blame-debug-report.txt
1<?xml version="1.0" encoding="utf-8"?>
2<manifest xmlns:android="http://schemas.android.com/apk/res/android"
3    package="expo.modules.installedapps" >
4
5    <uses-sdk android:minSdkVersion="26" />
6
7    <!-- Permission to query all apps (needed for Android 11+) -->
8    <uses-permission android:name="android.permission.QUERY_ALL_PACKAGES" />
8-->src/main/AndroidManifest.xml:6:5-77
8-->src/main/AndroidManifest.xml:6:22-74
9
10    <application>
10-->src/main/AndroidManifest.xml:8:5-10:19
11
12        <!-- Nothing needed here for this module -->
13    </application>
14
15</manifest>